  Application.cpp
c:\users\javie\documents\development\pip\pip\header\vectorarith.h(6): error C3646: 'x': unknown override specifier
c:\users\javie\documents\development\pip\pip\header\vectorarith.h(6): error C2059: syntax error: ','
c:\users\javie\documents\development\pip\pip\header\vectorarith.h(6): error C2238: unexpected token(s) preceding ';'
c:\users\javie\documents\development\pip\pip\header\vectorarith.h(12): error C2061: syntax error: identifier 'decimal'
c:\users\javie\documents\development\pip\pip\header\vectorarith.h(12): error C2535: 'Vector2Str::Vector2Str(void)': member function already defined or declared
  c:\users\javie\documents\development\pip\pip\header\vectorarith.h(8): note: see declaration of 'Vector2Str::Vector2Str'
c:\users\javie\documents\development\pip\pip\header\vectorarith.h(27): error C2061: syntax error: identifier 'decimal'
c:\users\javie\documents\development\pip\pip\header\vectorarith.h(32): error C2061: syntax error: identifier 'decimal'
c:\users\javie\documents\development\pip\pip\header\vectorarith.h(33): error C2805: binary 'operator /' has too few parameters
c:\users\javie\documents\development\pip\pip\header\vectorarith.h(33): error C2333: 'Vector2Str::operator /': error in function declaration; skipping function body
c:\users\javie\documents\development\pip\pip\header\vectorarith.h(52): error C2061: syntax error: identifier 'decimal'
c:\users\javie\documents\development\pip\pip\header\vectorarith.h(53): error C2805: binary 'operator *=' has too few parameters
c:\users\javie\documents\development\pip\pip\header\vectorarith.h(53): error C2333: 'Vector2Str::operator *=': error in function declaration; skipping function body
c:\users\javie\documents\development\pip\pip\header\vectorarith.h(59): error C2061: syntax error: identifier 'decimal'
c:\users\javie\documents\development\pip\pip\header\vectorarith.h(60): error C2805: binary 'operator /=' has too few parameters
c:\users\javie\documents\development\pip\pip\header\vectorarith.h(60): error C2333: 'Vector2Str::operator /=': error in function declaration; skipping function body
c:\users\javie\documents\development\pip\pip\header\vectorarith.h(66): error C3646: 'Length': unknown override specifier
c:\users\javie\documents\development\pip\pip\header\vectorarith.h(66): error C2059: syntax error: ')'
c:\users\javie\documents\development\pip\pip\header\vectorarith.h(66): error C2334: unexpected token(s) preceding '{'; skipping apparent function body
c:\users\javie\documents\development\pip\pip\header\vectorarith.h(76): error C3646: 'Dot': unknown override specifier
c:\users\javie\documents\development\pip\pip\header\vectorarith.h(76): error C2275: 'Vector2Str': illegal use of this type as an expression
c:\users\javie\documents\development\pip\pip\header\vectorarith.h(76): error C2146: syntax error: missing ')' before identifier 'v1'
c:\users\javie\documents\development\pip\pip\header\vectorarith.h(76): error C2334: unexpected token(s) preceding '{'; skipping apparent function body
c:\users\javie\documents\development\pip\pip\header\vectorarith.h(9): error C2614: 'Vector2Str': illegal member initialization: 'x' is not a base or member
c:\users\javie\documents\development\pip\pip\header\vectorarith.h(9): error C2614: 'Vector2Str': illegal member initialization: 'y' is not a base or member
c:\users\javie\documents\development\pip\pip\header\vectorarith.h(13): error C2065: 'x': undeclared identifier
c:\users\javie\documents\development\pip\pip\header\vectorarith.h(13): error C2065: 'y': undeclared identifier
c:\users\javie\documents\development\pip\pip\header\vectorarith.h(13): error C2614: 'Vector2Str': illegal member initialization: 'x' is not a base or member
c:\users\javie\documents\development\pip\pip\header\vectorarith.h(13): error C2614: 'Vector2Str': illegal member initialization: 'y' is not a base or member
c:\users\javie\documents\development\pip\pip\header\vectorarith.h(19): error C2065: 'x': undeclared identifier
c:\users\javie\documents\development\pip\pip\header\vectorarith.h(19): error C2039: 'x': is not a member of 'Vector2Str'
  c:\users\javie\documents\development\pip\pip\header\vectorarith.h(4): note: see declaration of 'Vector2Str'
c:\users\javie\documents\development\pip\pip\header\vectorarith.h(19): error C2065: 'y': undeclared identifier
c:\users\javie\documents\development\pip\pip\header\vectorarith.h(19): error C2039: 'y': is not a member of 'Vector2Str'
  c:\users\javie\documents\development\pip\pip\header\vectorarith.h(4): note: see declaration of 'Vector2Str'
c:\users\javie\documents\development\pip\pip\header\vectorarith.h(24): error C2065: 'x': undeclared identifier
c:\users\javie\documents\development\pip\pip\header\vectorarith.h(24): error C2039: 'x': is not a member of 'Vector2Str'
  c:\users\javie\documents\development\pip\pip\header\vectorarith.h(4): note: see declaration of 'Vector2Str'
c:\users\javie\documents\development\pip\pip\header\vectorarith.h(24): error C2065: 'y': undeclared identifier
c:\users\javie\documents\development\pip\pip\header\vectorarith.h(24): error C2039: 'y': is not a member of 'Vector2Str'
  c:\users\javie\documents\development\pip\pip\header\vectorarith.h(4): note: see declaration of 'Vector2Str'
c:\users\javie\documents\development\pip\pip\header\vectorarith.h(29): error C2065: 'x': undeclared identifier
c:\users\javie\documents\development\pip\pip\header\vectorarith.h(29): error C2065: 'scalar': undeclared identifier
c:\users\javie\documents\development\pip\pip\header\vectorarith.h(29): error C2065: 'y': undeclared identifier
c:\users\javie\documents\development\pip\pip\header\vectorarith.h(40): error C2065: 'x': undeclared identifier
c:\users\javie\documents\development\pip\pip\header\vectorarith.h(40): error C2039: 'x': is not a member of 'Vector2Str'
  c:\users\javie\documents\development\pip\pip\header\vectorarith.h(4): note: see declaration of 'Vector2Str'
c:\users\javie\documents\development\pip\pip\header\vectorarith.h(41): error C2065: 'y': undeclared identifier
c:\users\javie\documents\development\pip\pip\header\vectorarith.h(41): error C2039: 'y': is not a member of 'Vector2Str'
  c:\users\javie\documents\development\pip\pip\header\vectorarith.h(4): note: see declaration of 'Vector2Str'
c:\users\javie\documents\development\pip\pip\header\vectorarith.h(47): error C2065: 'x': undeclared identifier
c:\users\javie\documents\development\pip\pip\header\vectorarith.h(47): error C2039: 'x': is not a member of 'Vector2Str'
  c:\users\javie\documents\development\pip\pip\header\vectorarith.h(4): note: see declaration of 'Vector2Str'
c:\users\javie\documents\development\pip\pip\header\vectorarith.h(48): error C2065: 'y': undeclared identifier
c:\users\javie\documents\development\pip\pip\header\vectorarith.h(48): error C2039: 'y': is not a member of 'Vector2Str'
  c:\users\javie\documents\development\pip\pip\header\vectorarith.h(4): note: see declaration of 'Vector2Str'
c:\users\javie\documents\development\pip\pip\header\vectorarith.h(71): error C2065: 'decimal': undeclared identifier
c:\users\javie\documents\development\pip\pip\header\vectorarith.h(71): error C2146: syntax error: missing ';' before identifier 'length'
c:\users\javie\documents\development\pip\pip\header\vectorarith.h(71): error C2065: 'length': undeclared identifier
c:\users\javie\documents\development\pip\pip\header\vectorarith.h(71): error C3861: 'Length': identifier not found
c:\users\javie\documents\development\pip\pip\header\vectorarith.h(72): error C2065: 'x': undeclared identifier
c:\users\javie\documents\development\pip\pip\header\vectorarith.h(72): error C2065: 'length': undeclared identifier
c:\users\javie\documents\development\pip\pip\header\vectorarith.h(73): error C2065: 'y': undeclared identifier
c:\users\javie\documents\development\pip\pip\header\vectorarith.h(73): error C2065: 'length': undeclared identifier
c:\users\javie\documents\development\pip\pip\header\rigidbody.h(7): error C2061: syntax error: identifier 'decimal'
c:\users\javie\documents\development\pip\pip\header\rigidbody.h(13): error C3646: 'm_rotation': unknown override specifier
c:\users\javie\documents\development\pip\pip\header\rigidbody.h(13): error C4430: missing type specifier - int assumed. Note: C++ does not support default-int
c:\users\javie\documents\development\pip\pip\header\rigidbody.h(15): error C3646: 'm_angularVelocity': unknown override specifier
c:\users\javie\documents\development\pip\pip\header\rigidbody.h(15): error C4430: missing type specifier - int assumed. Note: C++ does not support default-int
c:\users\javie\documents\development\pip\pip\header\rigidbody.h(18): error C3646: 'm_radius': unknown override specifier
c:\users\javie\documents\development\pip\pip\header\rigidbody.h(18): error C4430: missing type specifier - int assumed. Note: C++ does not support default-int
c:\users\javie\documents\development\pip\pip\header\rigidbody.h(19): error C3646: 'm_mass': unknown override specifier
c:\users\javie\documents\development\pip\pip\header\rigidbody.h(19): error C4430: missing type specifier - int assumed. Note: C++ does not support default-int
c:\users\javie\documents\development\pip\pip\header\solver.h(15): error C3646: 'ComputeSweep': unknown override specifier
c:\users\javie\documents\development\pip\pip\header\solver.h(15): error C2059: syntax error: '('
c:\users\javie\documents\development\pip\pip\header\solver.h(15): error C2238: unexpected token(s) preceding ';'
c:\users\javie\documents\development\pip\pip\header\solver.h(17): error C2061: syntax error: identifier 'decimal'
